<?xml version="1.0" encoding="UTF-8"?>
<!-- Generated by org.testng.reporters.JUnitReportReporter -->
<testsuite hostname="Muhammad-Furqan" failures="0" tests="1" name="Setup.cc.SetuP$setup" time="119.732" errors="0" timestamp="2021-04-02T11:49:28 PKT" skipped="0">
  <testcase classname="Setup.cc.SetuP$setup" name="login_test" time="119.732"/>
  <system-out/>
</testsuite> <!-- Setup.cc.SetuP$setup -->
