<?xml version="1.0" encoding="UTF-8"?>
<!-- Generated by org.testng.reporters.JUnitReportReporter -->
<testsuite hostname="Muhammad-Furqan" failures="0" tests="1" name="Setup.cc.Setup_CallTest$setup" time="111.549" errors="0" timestamp="2021-04-02T12:53:34 PKT" skipped="0">
  <testcase classname="Setup.cc.Setup_CallTest$setup" name="login_test" time="111.549"/>
  <system-out/>
</testsuite> <!-- Setup.cc.Setup_CallTest$setup -->
